<?xml version="1.0" encoding="UTF-8"?>
<!-- Generated by org.testng.reporters.JUnitXMLReporter -->
<testsuite ignored="0" hostname="INMASaifi01" failures="6" tests="7" name="Surefire test" time="55.194" errors="0" timestamp="2021-08-21T20:01:25 IST">
  <testcase classname="com.retain.TestRunner.TestRunner" name="feature" time="48.264"/>
  <testcase classname="com.retain.TestRunner.TestRunner" name="feature" time="0.093">
    <failure type="java.lang.AssertionError" message="expected [true] but found [false]">
      <![CDATA[java.lang.AssertionError: expected [true] but found [false]
at com.retain.feature.steps.CreateSchedule.enter_base_configuration(CreateSchedule.java:17)
at ✽.Access Schedule configuration page(file:///C:/Users/MASaifi/eclipse-workspace/RetainAutomation/src/test/features/RetainServerLogin.feature:20)
... Removed 6 stack frames]]>
    </failure>
  </testcase> <!-- feature -->
  <testcase classname="com.retain.TestRunner.TestRunner" name="feature" time="0.071">
    <failure type="java.lang.AssertionError" message="expected [true] but found [false]">
      <![CDATA[java.lang.AssertionError: expected [true] but found [false]
at com.retain.feature.steps.CreateSchedule.enter_base_configuration(CreateSchedule.java:17)
at ✽.Access Schedule configuration page(file:///C:/Users/MASaifi/eclipse-workspace/RetainAutomation/src/test/features/RetainServerLogin.feature:25)
... Removed 6 stack frames]]>
    </failure>
  </testcase> <!-- feature -->
  <testcase classname="com.retain.TestRunner.TestRunner" name="feature" time="0.162">
    <failure type="java.lang.AssertionError" message="expected [true] but found [false]">
      <![CDATA[java.lang.AssertionError: expected [true] but found [false]
at com.retain.feature.steps.CreateProfile.access_groupwise_profile_page(CreateProfile.java:16)
at ✽.Access groupwise profile page(file:///C:/Users/MASaifi/eclipse-workspace/RetainAutomation/src/test/features/RetainServerLogin.feature:30)
... Removed 6 stack frames]]>
    </failure>
  </testcase> <!-- feature -->
  <testcase classname="com.retain.TestRunner.TestRunner" name="feature" time="0.136">
    <failure type="java.lang.AssertionError" message="expected [true] but found [false]">
      <![CDATA[java.lang.AssertionError: expected [true] but found [false]
at com.retain.feature.steps.CreateProfile.access_exchange_profile_page(CreateProfile.java:28)
at ✽.Access exchange profile page(file:///C:/Users/MASaifi/eclipse-workspace/RetainAutomation/src/test/features/RetainServerLogin.feature:35)
... Removed 6 stack frames]]>
    </failure>
  </testcase> <!-- feature -->
  <testcase classname="com.retain.TestRunner.TestRunner" name="feature" time="0.067">
    <failure type="java.lang.AssertionError" message="expected [true] but found [false]">
      <![CDATA[java.lang.AssertionError: expected [true] but found [false]
at com.retain.feature.steps.CreateWorker.access_worker_page(CreateWorker.java:16)
at ✽.Access worker page(file:///C:/Users/MASaifi/eclipse-workspace/RetainAutomation/src/test/features/RetainServerLogin.feature:40)
... Removed 6 stack frames]]>
    </failure>
  </testcase> <!-- feature -->
  <testcase classname="com.retain.TestRunner.TestRunner" name="feature" time="0.148">
    <failure type="java.lang.AssertionError" message="expected [true] but found [false]">
      <![CDATA[java.lang.AssertionError: expected [true] but found [false]
at com.retain.feature.steps.CreateJob.access_groupwise_job_page(CreateJob.java:16)
at ✽.Access groupwise job page(file:///C:/Users/MASaifi/eclipse-workspace/RetainAutomation/src/test/features/RetainServerLogin.feature:46)
... Removed 6 stack frames]]>
    </failure>
  </testcase> <!-- feature -->
</testsuite> <!-- Surefire test -->
