<!DOCTYPE html PUBLIC "-//W3C//DTD XHTML 1.1//EN" "https://www.w3.org/TR/xhtml11/DTD/xhtml11.dtd">
<html xmlns="https://www.w3.org/1999/xhtml">
<head>
<meta http-equiv="content-type" content="text/html; charset=UTF-8"/>
<title>TestNG Report</title>
<style type="text/css">table {margin-bottom:10px;border-collapse:collapse;empty-cells:show}th,td {border:1px solid #009;padding:.25em .5em}th {vertical-align:bottom}td {vertical-align:top}table a {font-weight:bold}.stripe td {background-color: #E6EBF9}.num {text-align:right}.passedodd td {background-color: #3F3}.passedeven td {background-color: #0A0}.skippedodd td {background-color: #DDD}.skippedeven td {background-color: #CCC}.failedodd td,.attn {background-color: #F33}.failedeven td,.stripe .attn {background-color: #D00}.stacktrace {white-space:pre;font-family:monospace}.totop {font-size:85%;text-align:center;border-bottom:2px solid #000}.invisible {display:none}</style>
</head>
<body>
<table>
<tr><th>Test</th><th># Passed</th><th># Skipped</th><th># Retried</th><th># Failed</th><th>Time (ms)</th><th>Included Groups</th><th>Excluded Groups</th></tr>
<tr><th colspan="8">Surefire suite</th></tr>
<tr><td><a href="#t0">Surefire test</a></td><td class="num">1</td><td class="num">0</td><td class="num">0</td><td class="num attn">6</td><td class="num">55,194</td><td></td><td></td></tr>
</table>
<table id='summary'><thead><tr><th>Class</th><th>Method</th><th>Start</th><th>Time (ms)</th></tr></thead><tbody><tr><th colspan="4">Surefire suite</th></tr></tbody><tbody id="t0"><tr><th colspan="4">Surefire test &#8212; failed</th></tr><tr class="failedeven"><td rowspan="6">com.retain.TestRunner.TestRunner</td><td><a href="#m0">feature</a></td><td rowspan="6">1629556280416</td><td rowspan="6">67</td></tr><tr class="failedeven"><td><a href="#m1">feature</a></td></tr><tr class="failedeven"><td><a href="#m2">feature</a></td></tr><tr class="failedeven"><td><a href="#m3">feature</a></td></tr><tr class="failedeven"><td><a href="#m4">feature</a></td></tr><tr class="failedeven"><td><a href="#m5">feature</a></td></tr><tr><th colspan="4">Surefire test &#8212; passed</th></tr><tr class="passedeven"><td rowspan="1">com.retain.TestRunner.TestRunner</td><td><a href="#m6">feature</a></td><td rowspan="1">1629556231668</td><td rowspan="1">48264</td></tr></tbody>
</table>
<h2>Surefire test</h2><h3 id="m0">com.retain.TestRunner.TestRunner#feature</h3><table class="result"><tr class="param"><th>Parameter #1</th><th>Parameter #2</th></tr><tr class="param stripe"><td>&quot;Create Worker for the module.&quot;</td><td>&quot;Optional[Retain Server P0 Build Validation with windows Server.]&quot;</td></tr><tr><th colspan="2">Exception</th></tr><tr><td colspan="2"><div class="stacktrace">java.lang.AssertionError: expected [true] but found [false]
	at com.retain.feature.steps.CreateWorker.access_worker_page(CreateWorker.java:16)
	at ✽.Access worker page(file:///C:/Users/MASaifi/eclipse-workspace/RetainAutomation/src/test/features/RetainServerLogin.feature:40)
... Removed 6 stack frames</div></td></tr></table><p class="totop"><a href="#summary">back to summary</a></p>
<h3 id="m1">com.retain.TestRunner.TestRunner#feature</h3><table class="result"><tr class="param"><th>Parameter #1</th><th>Parameter #2</th></tr><tr class="param stripe"><td>&quot;Create Profile for exchange module.&quot;</td><td>&quot;Optional[Retain Server P0 Build Validation with windows Server.]&quot;</td></tr><tr><th colspan="2">Exception</th></tr><tr><td colspan="2"><div class="stacktrace">java.lang.AssertionError: expected [true] but found [false]
	at com.retain.feature.steps.CreateProfile.access_exchange_profile_page(CreateProfile.java:28)
	at ✽.Access exchange profile page(file:///C:/Users/MASaifi/eclipse-workspace/RetainAutomation/src/test/features/RetainServerLogin.feature:35)
... Removed 6 stack frames</div></td></tr></table><p class="totop"><a href="#summary">back to summary</a></p>
<h3 id="m2">com.retain.TestRunner.TestRunner#feature</h3><table class="result"><tr class="param"><th>Parameter #1</th><th>Parameter #2</th></tr><tr class="param stripe"><td>&quot;Create Job for groupwise module&quot;</td><td>&quot;Optional[Retain Server P0 Build Validation with windows Server.]&quot;</td></tr><tr><th colspan="2">Exception</th></tr><tr><td colspan="2"><div class="stacktrace">java.lang.AssertionError: expected [true] but found [false]
	at com.retain.feature.steps.CreateJob.access_groupwise_job_page(CreateJob.java:16)
	at ✽.Access groupwise job page(file:///C:/Users/MASaifi/eclipse-workspace/RetainAutomation/src/test/features/RetainServerLogin.feature:46)
... Removed 6 stack frames</div></td></tr></table><p class="totop"><a href="#summary">back to summary</a></p>
<h3 id="m3">com.retain.TestRunner.TestRunner#feature</h3><table class="result"><tr class="param"><th>Parameter #1</th><th>Parameter #2</th></tr><tr class="param stripe"><td>&quot;Create Schedule for exchange module.&quot;</td><td>&quot;Optional[Retain Server P0 Build Validation with windows Server.]&quot;</td></tr><tr><th colspan="2">Exception</th></tr><tr><td colspan="2"><div class="stacktrace">java.lang.AssertionError: expected [true] but found [false]
	at com.retain.feature.steps.CreateSchedule.enter_base_configuration(CreateSchedule.java:17)
	at ✽.Access Schedule configuration page(file:///C:/Users/MASaifi/eclipse-workspace/RetainAutomation/src/test/features/RetainServerLogin.feature:25)
... Removed 6 stack frames</div></td></tr></table><p class="totop"><a href="#summary">back to summary</a></p>
<h3 id="m4">com.retain.TestRunner.TestRunner#feature</h3><table class="result"><tr class="param"><th>Parameter #1</th><th>Parameter #2</th></tr><tr class="param stripe"><td>&quot;Create Schedule for groupwise module.&quot;</td><td>&quot;Optional[Retain Server P0 Build Validation with windows Server.]&quot;</td></tr><tr><th colspan="2">Exception</th></tr><tr><td colspan="2"><div class="stacktrace">java.lang.AssertionError: expected [true] but found [false]
	at com.retain.feature.steps.CreateSchedule.enter_base_configuration(CreateSchedule.java:17)
	at ✽.Access Schedule configuration page(file:///C:/Users/MASaifi/eclipse-workspace/RetainAutomation/src/test/features/RetainServerLogin.feature:20)
... Removed 6 stack frames</div></td></tr></table><p class="totop"><a href="#summary">back to summary</a></p>
<h3 id="m5">com.retain.TestRunner.TestRunner#feature</h3><table class="result"><tr class="param"><th>Parameter #1</th><th>Parameter #2</th></tr><tr class="param stripe"><td>&quot;Create Profile for groupwise module.&quot;</td><td>&quot;Optional[Retain Server P0 Build Validation with windows Server.]&quot;</td></tr><tr><th colspan="2">Exception</th></tr><tr><td colspan="2"><div class="stacktrace">java.lang.AssertionError: expected [true] but found [false]
	at com.retain.feature.steps.CreateProfile.access_groupwise_profile_page(CreateProfile.java:16)
	at ✽.Access groupwise profile page(file:///C:/Users/MASaifi/eclipse-workspace/RetainAutomation/src/test/features/RetainServerLogin.feature:30)
... Removed 6 stack frames</div></td></tr></table><p class="totop"><a href="#summary">back to summary</a></p>
<h3 id="m6">com.retain.TestRunner.TestRunner#feature</h3><table class="result"><tr class="param"><th>Parameter #1</th><th>Parameter #2</th></tr><tr class="param stripe"><td>&quot;Groupwise module configuration.&quot;</td><td>&quot;Optional[Retain Server P0 Build Validation with windows Server.]&quot;</td></tr></table><p class="totop"><a href="#summary">back to summary</a></p>
</body>
</html>
