<?xml version="1.0" encoding="UTF-8"?>
<!-- Generated by org.testng.reporters.JUnitReportReporter -->
<testsuite hostname="INMASaifi01" failures="6" tests="7" name="com.retain.TestRunner.TestRunner" time="48.941" errors="0" timestamp="2021-08-21T20:01:25 IST" skipped="0">
  <testcase classname="com.retain.TestRunner.TestRunner" name="feature" time="0.067">
    <failure message="expected [true] but found [false]" type="java.lang.AssertionError">
      <![CDATA[java.lang.AssertionError: expected [true] but found [false]
at org.testng.Assert.fail(Assert.java:99)
at org.testng.Assert.failNotEquals(Assert.java:1037)
at org.testng.Assert.assertEqualsImpl(Assert.java:140)
at org.testng.Assert.assertEquals(Assert.java:122)
at org.testng.Assert.assertEquals(Assert.java:819)
at org.testng.Assert.assertEquals(Assert.java:829)
at com.retain.feature.steps.CreateWorker.access_worker_page(CreateWorker.java:16)
at ✽.Access worker page(file:///C:/Users/MASaifi/eclipse-workspace/RetainAutomation/src/test/features/RetainServerLogin.feature:40)
]]>
    </failure>
  </testcase> <!-- feature -->
  <system-out/>
  <testcase classname="com.retain.TestRunner.TestRunner" name="feature" time="0.136">
    <failure message="expected [true] but found [false]" type="java.lang.AssertionError">
      <![CDATA[java.lang.AssertionError: expected [true] but found [false]
at org.testng.Assert.fail(Assert.java:99)
at org.testng.Assert.failNotEquals(Assert.java:1037)
at org.testng.Assert.assertEqualsImpl(Assert.java:140)
at org.testng.Assert.assertEquals(Assert.java:122)
at org.testng.Assert.assertEquals(Assert.java:819)
at org.testng.Assert.assertEquals(Assert.java:829)
at com.retain.feature.steps.CreateProfile.access_exchange_profile_page(CreateProfile.java:28)
at ✽.Access exchange profile page(file:///C:/Users/MASaifi/eclipse-workspace/RetainAutomation/src/test/features/RetainServerLogin.feature:35)
]]>
    </failure>
  </testcase> <!-- feature -->
  <system-out/>
  <testcase classname="com.retain.TestRunner.TestRunner" name="feature" time="0.148">
    <failure message="expected [true] but found [false]" type="java.lang.AssertionError">
      <![CDATA[java.lang.AssertionError: expected [true] but found [false]
at org.testng.Assert.fail(Assert.java:99)
at org.testng.Assert.failNotEquals(Assert.java:1037)
at org.testng.Assert.assertEqualsImpl(Assert.java:140)
at org.testng.Assert.assertEquals(Assert.java:122)
at org.testng.Assert.assertEquals(Assert.java:819)
at org.testng.Assert.assertEquals(Assert.java:829)
at com.retain.feature.steps.CreateJob.access_groupwise_job_page(CreateJob.java:16)
at ✽.Access groupwise job page(file:///C:/Users/MASaifi/eclipse-workspace/RetainAutomation/src/test/features/RetainServerLogin.feature:46)
]]>
    </failure>
  </testcase> <!-- feature -->
  <system-out/>
  <testcase classname="com.retain.TestRunner.TestRunner" name="feature" time="0.071">
    <failure message="expected [true] but found [false]" type="java.lang.AssertionError">
      <![CDATA[java.lang.AssertionError: expected [true] but found [false]
at org.testng.Assert.fail(Assert.java:99)
at org.testng.Assert.failNotEquals(Assert.java:1037)
at org.testng.Assert.assertEqualsImpl(Assert.java:140)
at org.testng.Assert.assertEquals(Assert.java:122)
at org.testng.Assert.assertEquals(Assert.java:819)
at org.testng.Assert.assertEquals(Assert.java:829)
at com.retain.feature.steps.CreateSchedule.enter_base_configuration(CreateSchedule.java:17)
at ✽.Access Schedule configuration page(file:///C:/Users/MASaifi/eclipse-workspace/RetainAutomation/src/test/features/RetainServerLogin.feature:25)
]]>
    </failure>
  </testcase> <!-- feature -->
  <system-out/>
  <testcase classname="com.retain.TestRunner.TestRunner" name="feature" time="48.264"/>
  <system-out/>
  <testcase classname="com.retain.TestRunner.TestRunner" name="feature" time="0.093">
    <failure message="expected [true] but found [false]" type="java.lang.AssertionError">
      <![CDATA[java.lang.AssertionError: expected [true] but found [false]
at org.testng.Assert.fail(Assert.java:99)
at org.testng.Assert.failNotEquals(Assert.java:1037)
at org.testng.Assert.assertEqualsImpl(Assert.java:140)
at org.testng.Assert.assertEquals(Assert.java:122)
at org.testng.Assert.assertEquals(Assert.java:819)
at org.testng.Assert.assertEquals(Assert.java:829)
at com.retain.feature.steps.CreateSchedule.enter_base_configuration(CreateSchedule.java:17)
at ✽.Access Schedule configuration page(file:///C:/Users/MASaifi/eclipse-workspace/RetainAutomation/src/test/features/RetainServerLogin.feature:20)
]]>
    </failure>
  </testcase> <!-- feature -->
  <system-out/>
  <testcase classname="com.retain.TestRunner.TestRunner" name="feature" time="0.162">
    <failure message="expected [true] but found [false]" type="java.lang.AssertionError">
      <![CDATA[java.lang.AssertionError: expected [true] but found [false]
at org.testng.Assert.fail(Assert.java:99)
at org.testng.Assert.failNotEquals(Assert.java:1037)
at org.testng.Assert.assertEqualsImpl(Assert.java:140)
at org.testng.Assert.assertEquals(Assert.java:122)
at org.testng.Assert.assertEquals(Assert.java:819)
at org.testng.Assert.assertEquals(Assert.java:829)
at com.retain.feature.steps.CreateProfile.access_groupwise_profile_page(CreateProfile.java:16)
at ✽.Access groupwise profile page(file:///C:/Users/MASaifi/eclipse-workspace/RetainAutomation/src/test/features/RetainServerLogin.feature:30)
]]>
    </failure>
  </testcase> <!-- feature -->
  <system-out/>
</testsuite> <!-- com.retain.TestRunner.TestRunner -->
